<?xml version="1.0" encoding="UTF-8"?>
<!-- Generated by org.testng.reporters.JUnitXMLReporter -->
<testsuite ignored="0" hostname="DESKTOP-1MG21S9" failures="1" tests="19" name="ChromeTest" time="67.245" errors="0" timestamp="2025-03-31T13:59:04 IST">
  <testcase classname="testCases.TC001_LoginTest" name="isLoginBtnVisible" time="0.056"/>
  <testcase classname="testCases.TC001_LoginTest" name="isLoginBtnClickable" time="0.027"/>
  <testcase classname="testCases.TC001_LoginTest" name="verifyInvalidLogin" time="0.858"/>
  <testcase classname="testCases.TC001_LoginTest" name="verifyLogin" time="1.938"/>
  <testcase classname="testCases.TC002_SignUpTest" name="verifySignUpVisible" time="0.042"/>
  <testcase classname="testCases.TC002_SignUpTest" name="verifySignUpEnabled" time="0.033"/>
  <testcase classname="testCases.TC002_SignUpTest" name="verifySignUpClick" time="1.211"/>
  <testcase classname="testCases.TC003_AddContactTest" name="verifyAddAllFields" time="2.363"/>
  <testcase classname="testCases.TC003_AddContactTest" name="verifyAddDuplicateFields" time="2.191"/>
  <testcase classname="testCases.TC003_AddContactTest" name="verifyInvalidDOBFormat" time="2.562"/>
  <testcase classname="testCases.TC003_AddContactTest" name="verifyAddWoOptionalFields" time="1.375"/>
  <testcase classname="testCases.TC004_DeleteContactTest" name="isAlertComingForDelete" time="2.611"/>
  <testcase classname="testCases.TC004_DeleteContactTest" name="verifyDeleteContact" time="2.538"/>
  <testcase classname="testCases.TC005_ContactDisplayTest" name="verifyAddedContact" time="2.247">
    <failure type="java.lang.AssertionError" message="expected [1990-09-26] but found []">
      <![CDATA[java.lang.AssertionError: expected [1990-09-26] but found []
at testCases.TC005_ContactDisplayTest.verifyAddedContact(TC005_ContactDisplayTest.java:35)
at java.base/java.util.ArrayList.forEach(ArrayList.java:1511)
... Removed 33 stack frames]]>
    </failure>
  </testcase> <!-- verifyAddedContact -->
  <testcase classname="testCases.TC005_ContactDisplayTest" name="verifyPhoneNumberExtensions" time="1.046"/>
  <testcase classname="testCases.TC006_EditContactTest" name="verifyPageRedirectContact" time="0.946"/>
  <testcase classname="testCases.TC006_EditContactTest" name="verifyEditContactDetails" time="3.077"/>
  <testcase classname="testCases.TC007_LogoutTest" name="verifyBtnLogoutVisible" time="1.265"/>
  <testcase classname="testCases.TC007_LogoutTest" name="verifyBtnLogout" time="0.927"/>
</testsuite> <!-- ChromeTest -->
