<?xml version="1.0" encoding="UTF-8"?>
<!-- Generated by org.testng.reporters.JUnitXMLReporter -->
<testsuite ignored="0" hostname="DESKTOP-1MG21S9" failures="1" tests="19" name="Test" time="93.546" errors="0" timestamp="2025-03-29T11:50:00 IST">
  <testcase classname="testCases.TC007_LogoutTest" name="verifyBtnLogoutVisible" time="1.07"/>
  <testcase classname="testCases.TC007_LogoutTest" name="verifyBtnLogout" time="0.81"/>
  <testcase classname="testCases.TC006_EditContactTest" name="verifyPageRedirectContact" time="0.873"/>
  <testcase classname="testCases.TC006_EditContactTest" name="verifyEditContactDetails" time="3.378"/>
  <testcase classname="testCases.TC003_AddContactTest" name="verifyAddAllFields" time="2.282"/>
  <testcase classname="testCases.TC003_AddContactTest" name="verifyAddDuplicateFields" time="2.895"/>
  <testcase classname="testCases.TC003_AddContactTest" name="verifyAddWoOptionalFields" time="1.33"/>
  <testcase classname="testCases.TC003_AddContactTest" name="verifyInvalidDOBFormat" time="1.476">
    <failure type="java.lang.AssertionError" message="expected [Add Contact] but found [My Contacts]">
      <![CDATA[java.lang.AssertionError: expected [Add Contact] but found [My Contacts]
at testCases.TC003_AddContactTest.verifyInvalidDOBFormat(TC003_AddContactTest.java:102)
at java.base/java.util.ArrayList.forEach(ArrayList.java:1597)
... Removed 31 stack frames]]>
    </failure>
  </testcase> <!-- verifyInvalidDOBFormat -->
  <testcase classname="testCases.TC001_LoginTest" name="isLoginBtnVisible" time="0.045"/>
  <testcase classname="testCases.TC001_LoginTest" name="isLoginBtnClickable" time="0.03"/>
  <testcase classname="testCases.TC001_LoginTest" name="verifyInvalidLogin" time="0.719"/>
  <testcase classname="testCases.TC001_LoginTest" name="verifyLogin" time="1.292"/>
  <testcase classname="testCases.TC004_DeleteContactTest" name="isAlertComingForDelete" time="3.163"/>
  <testcase classname="testCases.TC004_DeleteContactTest" name="verifyDeleteContact" time="3.434"/>
  <testcase classname="testCases.TC002_SignUpTest" name="verifySignUpVisible" time="0.051"/>
  <testcase classname="testCases.TC002_SignUpTest" name="verifySignUpEnabled" time="0.088"/>
  <testcase classname="testCases.TC002_SignUpTest" name="verifySignUpClick" time="1.914"/>
  <testcase classname="testCases.TC005_ContactDisplayTest" name="verifyAddedContact" time="1.86"/>
  <testcase classname="testCases.TC005_ContactDisplayTest" name="verifyPhoneNumberExtensions" time="0.282"/>
</testsuite> <!-- Test -->
